<?xml version="1.0" encoding="UTF-8"?>
<!-- Generated by org.testng.reporters.JUnitReportReporter -->
<testsuite skipped="0" hostname="MSI" name="io.duotech.tests.LoginTest" tests="4" failures="0" timestamp="2020-03-24T23:21:30 EDT" time="26.330" errors="0">
  <testcase name="login" time="6.631" classname="io.duotech.tests.LoginTest"/>
  <testcase name="testRun" time="6.009" classname="io.duotech.tests.LoginTest"/>
  <testcase name="loginPOMPatternNegative" time="7.178" classname="io.duotech.tests.LoginTest"/>
  <testcase name="loginPOMPattern" time="6.512" classname="io.duotech.tests.LoginTest"/>
</testsuite> <!-- io.duotech.tests.LoginTest -->
