<?xml version="1.0" encoding="UTF-8"?>
<!-- Generated by org.testng.reporters.JUnitReportReporter -->
<testsuite skipped="0" hostname="MSI" name="io.duotech.tests.OrderTests" tests="3" failures="0" timestamp="2020-03-24T23:21:30 EDT" time="21.233" errors="0">
  <testcase name="verifyQuantityErrorMessage3" time="7.016" classname="io.duotech.tests.OrderTests"/>
  <testcase name="verifyQuantityErrorMessage2" time="6.760" classname="io.duotech.tests.OrderTests"/>
  <testcase name="verifyQuantityErrorMessage" time="7.457" classname="io.duotech.tests.OrderTests"/>
</testsuite> <!-- io.duotech.tests.OrderTests -->
